  instructions.c
C:\Users\zache\Documents\Coding\CPU\OppoT2\OppoT2Emu\instruction.h(4,2): error C2061: syntax error: identifier 'Instruction'
C:\Users\zache\Documents\Coding\CPU\OppoT2\OppoT2Emu\instruction.h(10,1): error C2059: syntax error: '}'
C:\Users\zache\Documents\Coding\CPU\OppoT2\OppoT2Emu\instruction.h(44,18): error C2061: syntax error: identifier 'decode_instruction'
C:\Users\zache\Documents\Coding\CPU\OppoT2\OppoT2Emu\instruction.h(44,18): error C2059: syntax error: ';'
C:\Users\zache\Documents\Coding\CPU\OppoT2\OppoT2Emu\instruction.h(44,46): error C2059: syntax error: '<parameter-list>'
C:\Users\zache\Documents\Coding\CPU\OppoT2\OppoT2Emu\instructions.c(5,18): error C2061: syntax error: identifier 'decode_instruction'
C:\Users\zache\Documents\Coding\CPU\OppoT2\OppoT2Emu\instructions.c(5,18): error C2059: syntax error: ';'
C:\Users\zache\Documents\Coding\CPU\OppoT2\OppoT2Emu\instructions.c(5,46): error C2059: syntax error: '<parameter-list>'
C:\Users\zache\Documents\Coding\CPU\OppoT2\OppoT2Emu\instructions.c(95,12): error C2440: 'return': cannot convert from 'void *' to 'INSTRUCTION_FORMAT'
  Main.c
C:\Users\zache\Documents\Coding\CPU\OppoT2\OppoT2Emu\instruction.h(4,2): error C2061: syntax error: identifier 'Instruction'
C:\Users\zache\Documents\Coding\CPU\OppoT2\OppoT2Emu\instruction.h(10,1): error C2059: syntax error: '}'
C:\Users\zache\Documents\Coding\CPU\OppoT2\OppoT2Emu\instruction.h(44,18): error C2061: syntax error: identifier 'decode_instruction'
C:\Users\zache\Documents\Coding\CPU\OppoT2\OppoT2Emu\instruction.h(44,18): error C2059: syntax error: ';'
C:\Users\zache\Documents\Coding\CPU\OppoT2\OppoT2Emu\instruction.h(44,46): error C2059: syntax error: '<parameter-list>'
C:\Users\zache\Documents\Coding\CPU\OppoT2\OppoT2Emu\Main.c(29,19): error C2065: 'Instruction_Data': undeclared identifier
C:\Users\zache\Documents\Coding\CPU\OppoT2\OppoT2Emu\Main.c(29,19): error C2146: syntax error: missing ';' before identifier 'instData'
C:\Users\zache\Documents\Coding\CPU\OppoT2\OppoT2Emu\Main.c(29,28): error C2065: 'instData': undeclared identifier
C:\Users\zache\Documents\Coding\CPU\OppoT2\OppoT2Emu\Main.c(29,30): warning C4013: 'decode_instruction' undefined; assuming extern returning int
C:\Users\zache\Documents\Coding\CPU\OppoT2\OppoT2Emu\Main.c(31,31): error C2065: 'instData': undeclared identifier
C:\Users\zache\Documents\Coding\CPU\OppoT2\OppoT2Emu\Main.c(31,32): error C2224: left of '.opcode' must have struct/union type
C:\Users\zache\Documents\Coding\CPU\OppoT2\OppoT2Emu\Main.c(31,9): warning C4473: 'printf' : not enough arguments passed for format string
C:\Users\zache\Documents\Coding\CPU\OppoT2\OppoT2Emu\Main.c(31,9): message : placeholders and their parameters expect 1 variadic arguments, but 0 were provided
C:\Users\zache\Documents\Coding\CPU\OppoT2\OppoT2Emu\Main.c(31,9): message : the missing variadic argument 1 is required by format string '%d'
C:\Users\zache\Documents\Coding\CPU\OppoT2\OppoT2Emu\Main.c(32,27): error C2065: 'instData': undeclared identifier
C:\Users\zache\Documents\Coding\CPU\OppoT2\OppoT2Emu\Main.c(32,28): error C2224: left of '.regA' must have struct/union type
C:\Users\zache\Documents\Coding\CPU\OppoT2\OppoT2Emu\Main.c(32,9): warning C4473: 'printf' : not enough arguments passed for format string
C:\Users\zache\Documents\Coding\CPU\OppoT2\OppoT2Emu\Main.c(32,9): message : placeholders and their parameters expect 1 variadic arguments, but 0 were provided
C:\Users\zache\Documents\Coding\CPU\OppoT2\OppoT2Emu\Main.c(32,9): message : the missing variadic argument 1 is required by format string '%d'
C:\Users\zache\Documents\Coding\CPU\OppoT2\OppoT2Emu\Main.c(33,27): error C2065: 'instData': undeclared identifier
C:\Users\zache\Documents\Coding\CPU\OppoT2\OppoT2Emu\Main.c(33,28): error C2224: left of '.regB' must have struct/union type
C:\Users\zache\Documents\Coding\CPU\OppoT2\OppoT2Emu\Main.c(33,9): warning C4473: 'printf' : not enough arguments passed for format string
C:\Users\zache\Documents\Coding\CPU\OppoT2\OppoT2Emu\Main.c(33,9): message : placeholders and their parameters expect 1 variadic arguments, but 0 were provided
C:\Users\zache\Documents\Coding\CPU\OppoT2\OppoT2Emu\Main.c(33,9): message : the missing variadic argument 1 is required by format string '%d'
C:\Users\zache\Documents\Coding\CPU\OppoT2\OppoT2Emu\Main.c(34,27): error C2065: 'instData': undeclared identifier
C:\Users\zache\Documents\Coding\CPU\OppoT2\OppoT2Emu\Main.c(34,28): error C2224: left of '.regC' must have struct/union type
C:\Users\zache\Documents\Coding\CPU\OppoT2\OppoT2Emu\Main.c(34,9): warning C4473: 'printf' : not enough arguments passed for format string
C:\Users\zache\Documents\Coding\CPU\OppoT2\OppoT2Emu\Main.c(34,9): message : placeholders and their parameters expect 1 variadic arguments, but 0 were provided
C:\Users\zache\Documents\Coding\CPU\OppoT2\OppoT2Emu\Main.c(34,9): message : the missing variadic argument 1 is required by format string '%d'
C:\Users\zache\Documents\Coding\CPU\OppoT2\OppoT2Emu\Main.c(35,34): error C2065: 'instData': undeclared identifier
C:\Users\zache\Documents\Coding\CPU\OppoT2\OppoT2Emu\Main.c(35,35): error C2224: left of '.immediate' must have struct/union type
C:\Users\zache\Documents\Coding\CPU\OppoT2\OppoT2Emu\Main.c(35,9): warning C4473: 'printf' : not enough arguments passed for format string
C:\Users\zache\Documents\Coding\CPU\OppoT2\OppoT2Emu\Main.c(35,9): message : placeholders and their parameters expect 1 variadic arguments, but 0 were provided
C:\Users\zache\Documents\Coding\CPU\OppoT2\OppoT2Emu\Main.c(35,9): message : the missing variadic argument 1 is required by format string '%d'
C:\Users\zache\Documents\Coding\CPU\OppoT2\OppoT2Emu\Main.c(36,36): error C2065: 'instData': undeclared identifier
C:\Users\zache\Documents\Coding\CPU\OppoT2\OppoT2Emu\Main.c(36,37): error C2224: left of '.conditional' must have struct/union type
C:\Users\zache\Documents\Coding\CPU\OppoT2\OppoT2Emu\Main.c(36,9): warning C4473: 'printf' : not enough arguments passed for format string
C:\Users\zache\Documents\Coding\CPU\OppoT2\OppoT2Emu\Main.c(36,9): message : placeholders and their parameters expect 1 variadic arguments, but 0 were provided
C:\Users\zache\Documents\Coding\CPU\OppoT2\OppoT2Emu\Main.c(36,9): message : the missing variadic argument 1 is required by format string '%d'
  memory.c
  Generating Code...
